<?xml version="1.0" encoding="UTF-8"?>
<testsuite name="mohaymen.ir.iot.DeviceManagerTest" tests="1" skipped="0" failures="0" errors="0" timestamp="2024-07-24T06:24:04" hostname="omid-System-Product-Name" time="0.054">
  <properties/>
  <testcase name="testReturnNotSameActorForSameDeviceId()" classname="mohaymen.ir.iot.DeviceManagerTest" time="0.054"/>
  <system-out><![CDATA[[2024-07-24 10:54:04,683] [INFO] [akka.event.slf4j.Slf4jLogger] [iot-system-akka.actor.default-dispatcher-5] [] - Slf4jLogger started
[2024-07-24 10:54:04,810] [INFO] [mohaymen.ir.iot.DeviceManager] [iot-system-akka.actor.default-dispatcher-5] [akka://iot-system/user/$a] - DeviceManager started
[2024-07-24 10:54:04,814] [INFO] [mohaymen.ir.iot.DeviceManager] [iot-system-akka.actor.default-dispatcher-6] [akka://iot-system/user/$a] - Creating device group actor for group1
[2024-07-24 10:54:04,817] [INFO] [mohaymen.ir.iot.DeviceGroup] [iot-system-akka.actor.default-dispatcher-6] [akka://iot-system/user/$a/group-group1] - DeviceGroup group1 started
[2024-07-24 10:54:04,818] [INFO] [mohaymen.ir.iot.DeviceGroup] [iot-system-akka.actor.default-dispatcher-6] [akka://iot-system/user/$a/group-group1] - Creating device actor for device1
[2024-07-24 10:54:04,819] [INFO] [mohaymen.ir.iot.Device] [iot-system-akka.actor.default-dispatcher-5] [akka://iot-system/user/$a/group-group1/device-device1] - Device actor group1-device1 started
[2024-07-24 10:54:04,824] [INFO] [mohaymen.ir.iot.DeviceManager] [iot-system-akka.actor.default-dispatcher-6] [akka://iot-system/user/$a] - Creating device group actor for group2
[2024-07-24 10:54:04,824] [INFO] [mohaymen.ir.iot.DeviceGroup] [iot-system-akka.actor.default-dispatcher-5] [akka://iot-system/user/$a/group-group2] - DeviceGroup group2 started
[2024-07-24 10:54:04,825] [INFO] [mohaymen.ir.iot.DeviceGroup] [iot-system-akka.actor.default-dispatcher-7] [akka://iot-system/user/$a/group-group2] - Creating device actor for device1
[2024-07-24 10:54:04,826] [INFO] [mohaymen.ir.iot.Device] [iot-system-akka.actor.default-dispatcher-5] [akka://iot-system/user/$a/group-group2/device-device1] - Device actor group2-device1 started
]]></system-out>
  <system-err><![CDATA[]]></system-err>
</testsuite>
