<?xml version="1.0" encoding="UTF-8"?>
<testsuite name="mohaymen.ir.iot.DeviceManagerTest" tests="4" skipped="0" failures="0" errors="0" timestamp="2024-07-24T08:04:20" hostname="omid-System-Product-Name" time="0.11">
  <properties/>
  <testcase name="testReturnSameActorForSameDeviceId()" classname="mohaymen.ir.iot.DeviceManagerTest" time="0.004"/>
  <testcase name="testReturnNotSameActorForSameDeviceId()" classname="mohaymen.ir.iot.DeviceManagerTest" time="0.017"/>
  <testcase name="testRegisterDeviceActor()" classname="mohaymen.ir.iot.DeviceManagerTest" time="0.01"/>
  <testcase name="testRegisterDeviceActorWithDifferentGroups()" classname="mohaymen.ir.iot.DeviceManagerTest" time="0.008"/>
  <system-out><![CDATA[[2024-07-24 12:34:20,677] [INFO] [akka.event.slf4j.Slf4jLogger] [iot-system-akka.actor.default-dispatcher-4] [] - Slf4jLogger started
[2024-07-24 12:34:20,692] [INFO] [mohaymen.ir.iot.DeviceManager] [iot-system-akka.actor.default-dispatcher-4] [akka://iot-system/user/$a] - DeviceManager started
[2024-07-24 12:34:20,693] [INFO] [mohaymen.ir.iot.DeviceManager] [iot-system-akka.actor.default-dispatcher-4] [akka://iot-system/user/$a] - Creating device group actor for group
[2024-07-24 12:34:20,693] [INFO] [mohaymen.ir.iot.DeviceGroup] [iot-system-akka.actor.default-dispatcher-5] [akka://iot-system/user/$a/group-group] - DeviceGroup group started
[2024-07-24 12:34:20,693] [INFO] [mohaymen.ir.iot.DeviceGroup] [iot-system-akka.actor.default-dispatcher-5] [akka://iot-system/user/$a/group-group] - Creating device actor for device1
[2024-07-24 12:34:20,693] [INFO] [mohaymen.ir.iot.Device] [iot-system-akka.actor.default-dispatcher-4] [akka://iot-system/user/$a/group-group/device-device1] - Device actor group-device1 started
[2024-07-24 12:34:20,705] [INFO] [akka.event.slf4j.Slf4jLogger] [iot-system-akka.actor.default-dispatcher-5] [] - Slf4jLogger started
[2024-07-24 12:34:20,715] [INFO] [mohaymen.ir.iot.DeviceManager] [iot-system-akka.actor.default-dispatcher-6] [akka://iot-system/user/$a] - DeviceManager started
[2024-07-24 12:34:20,725] [INFO] [mohaymen.ir.iot.DeviceManager] [iot-system-akka.actor.default-dispatcher-6] [akka://iot-system/user/$a] - Creating device group actor for group1
[2024-07-24 12:34:20,726] [INFO] [mohaymen.ir.iot.DeviceGroup] [iot-system-akka.actor.default-dispatcher-6] [akka://iot-system/user/$a/group-group1] - DeviceGroup group1 started
[2024-07-24 12:34:20,727] [INFO] [mohaymen.ir.iot.DeviceGroup] [iot-system-akka.actor.default-dispatcher-6] [akka://iot-system/user/$a/group-group1] - Creating device actor for device1
[2024-07-24 12:34:20,728] [INFO] [mohaymen.ir.iot.Device] [iot-system-akka.actor.default-dispatcher-5] [akka://iot-system/user/$a/group-group1/device-device1] - Device actor group1-device1 started
[2024-07-24 12:34:20,728] [INFO] [mohaymen.ir.iot.DeviceManager] [iot-system-akka.actor.default-dispatcher-7] [akka://iot-system/user/$a] - Creating device group actor for group2
[2024-07-24 12:34:20,729] [INFO] [mohaymen.ir.iot.DeviceGroup] [iot-system-akka.actor.default-dispatcher-6] [akka://iot-system/user/$a/group-group2] - DeviceGroup group2 started
[2024-07-24 12:34:20,729] [INFO] [mohaymen.ir.iot.DeviceGroup] [iot-system-akka.actor.default-dispatcher-6] [akka://iot-system/user/$a/group-group2] - Creating device actor for device1
[2024-07-24 12:34:20,729] [INFO] [mohaymen.ir.iot.Device] [iot-system-akka.actor.default-dispatcher-6] [akka://iot-system/user/$a/group-group2/device-device1] - Device actor group2-device1 started
[2024-07-24 12:34:20,753] [INFO] [akka.event.slf4j.Slf4jLogger] [iot-system-akka.actor.default-dispatcher-5] [] - Slf4jLogger started
[2024-07-24 12:34:20,763] [INFO] [mohaymen.ir.iot.DeviceManager] [iot-system-akka.actor.default-dispatcher-5] [akka://iot-system/user/$a] - DeviceManager started
[2024-07-24 12:34:20,764] [INFO] [mohaymen.ir.iot.DeviceManager] [iot-system-akka.actor.default-dispatcher-5] [akka://iot-system/user/$a] - Creating device group actor for group
[2024-07-24 12:34:20,765] [INFO] [mohaymen.ir.iot.DeviceGroup] [iot-system-akka.actor.default-dispatcher-6] [akka://iot-system/user/$a/group-group] - DeviceGroup group started
[2024-07-24 12:34:20,765] [INFO] [mohaymen.ir.iot.DeviceGroup] [iot-system-akka.actor.default-dispatcher-6] [akka://iot-system/user/$a/group-group] - Creating device actor for device1
[2024-07-24 12:34:20,765] [INFO] [mohaymen.ir.iot.Device] [iot-system-akka.actor.default-dispatcher-5] [akka://iot-system/user/$a/group-group/device-device1] - Device actor group-device1 started
[2024-07-24 12:34:20,769] [INFO] [mohaymen.ir.iot.DeviceGroup] [iot-system-akka.actor.default-dispatcher-6] [akka://iot-system/user/$a/group-group] - Creating device actor for device2
[2024-07-24 12:34:20,770] [INFO] [mohaymen.ir.iot.Device] [iot-system-akka.actor.default-dispatcher-6] [akka://iot-system/user/$a/group-group/device-device2] - Device actor group-device2 started
[2024-07-24 12:34:20,770] [INFO] [mohaymen.ir.iot.Device] [iot-system-akka.actor.default-dispatcher-5] [akka://iot-system/user/$a/group-group/device-device1] - Recorded temperature reading 1.0 with 0
[2024-07-24 12:34:20,771] [INFO] [mohaymen.ir.iot.Device] [iot-system-akka.actor.default-dispatcher-7] [akka://iot-system/user/$a/group-group/device-device2] - Recorded temperature reading 2.0 with 1
[2024-07-24 12:34:20,783] [INFO] [akka.event.slf4j.Slf4jLogger] [iot-system-akka.actor.default-dispatcher-4] [] - Slf4jLogger started
[2024-07-24 12:34:20,795] [INFO] [mohaymen.ir.iot.DeviceManager] [iot-system-akka.actor.default-dispatcher-4] [akka://iot-system/user/$a] - DeviceManager started
[2024-07-24 12:34:20,795] [INFO] [mohaymen.ir.iot.DeviceManager] [iot-system-akka.actor.default-dispatcher-4] [akka://iot-system/user/$a] - Creating device group actor for group1
[2024-07-24 12:34:20,795] [INFO] [mohaymen.ir.iot.DeviceGroup] [iot-system-akka.actor.default-dispatcher-4] [akka://iot-system/user/$a/group-group1] - DeviceGroup group1 started
[2024-07-24 12:34:20,795] [INFO] [mohaymen.ir.iot.DeviceGroup] [iot-system-akka.actor.default-dispatcher-4] [akka://iot-system/user/$a/group-group1] - Creating device actor for device1
[2024-07-24 12:34:20,796] [INFO] [mohaymen.ir.iot.Device] [iot-system-akka.actor.default-dispatcher-4] [akka://iot-system/user/$a/group-group1/device-device1] - Device actor group1-device1 started
[2024-07-24 12:34:20,796] [INFO] [mohaymen.ir.iot.DeviceManager] [iot-system-akka.actor.default-dispatcher-5] [akka://iot-system/user/$a] - Creating device group actor for group2
[2024-07-24 12:34:20,798] [INFO] [mohaymen.ir.iot.DeviceGroup] [iot-system-akka.actor.default-dispatcher-4] [akka://iot-system/user/$a/group-group2] - DeviceGroup group2 started
[2024-07-24 12:34:20,799] [INFO] [mohaymen.ir.iot.DeviceGroup] [iot-system-akka.actor.default-dispatcher-5] [akka://iot-system/user/$a/group-group2] - Creating device actor for device2
[2024-07-24 12:34:20,799] [INFO] [mohaymen.ir.iot.Device] [iot-system-akka.actor.default-dispatcher-5] [akka://iot-system/user/$a/group-group2/device-device2] - Device actor group2-device2 started
[2024-07-24 12:34:20,800] [INFO] [mohaymen.ir.iot.Device] [iot-system-akka.actor.default-dispatcher-4] [akka://iot-system/user/$a/group-group1/device-device1] - Recorded temperature reading 1.0 with 0
[2024-07-24 12:34:20,800] [INFO] [mohaymen.ir.iot.Device] [iot-system-akka.actor.default-dispatcher-4] [akka://iot-system/user/$a/group-group2/device-device2] - Recorded temperature reading 2.0 with 1
]]></system-out>
  <system-err><![CDATA[]]></system-err>
</testsuite>
